

发生时间：2022_11_16 14:57:21    System.NullReferenceException: 未将对象引用设置到对象的实例。
   在 ScreenDemo1.SmallForm.拆批.确认_Click(Object sender, EventArgs e) 位置 E:\Git\C#\ScreenDemo1(1)\ScreenDemo1\ScreenDemo1\SmallForm\拆批.cs:行号 47
   在 System.Windows.Forms.Control.OnClick(EventArgs e)
   在 Sunny.UI.UIButton.OnClick(EventArgs e)
   在 System.Windows.Forms.Control.WmMouseUp(Message& m, MouseButtons button, Int32 clicks)
   在 System.Windows.Forms.Control.WndProc(Message& m)
   在 System.Windows.Forms.Control.ControlNativeWindow.OnMessage(Message& m)
   在 System.Windows.Forms.Control.ControlNativeWindow.WndProc(Message& m)
   在 System.Windows.Forms.NativeWindow.Callback(IntPtr hWnd, Int32 msg, IntPtr wparam, IntPtr lparam)


发生时间：2022_11_16 14:59:13    System.NullReferenceException: 未将对象引用设置到对象的实例。
   在 ScreenDemo1.SmallForm.拆批.确认_Click(Object sender, EventArgs e) 位置 E:\Git\C#\ScreenDemo1(1)\ScreenDemo1\ScreenDemo1\SmallForm\拆批.cs:行号 47
   在 System.Windows.Forms.Control.OnClick(EventArgs e)
   在 Sunny.UI.UIButton.OnClick(EventArgs e)
   在 System.Windows.Forms.Control.WmMouseUp(Message& m, MouseButtons button, Int32 clicks)
   在 System.Windows.Forms.Control.WndProc(Message& m)
   在 System.Windows.Forms.Control.ControlNativeWindow.OnMessage(Message& m)
   在 System.Windows.Forms.Control.ControlNativeWindow.WndProc(Message& m)
   在 System.Windows.Forms.NativeWindow.Callback(IntPtr hWnd, Int32 msg, IntPtr wparam, IntPtr lparam)


发生时间：2022_11_16 15:02:11    System.Data.SqlClient.SqlException (0x80131904): 不能将值 NULL 插入列 '时间'，表 'huzhou_db.dbo.huzhou_拆批'；列不允许有 Null 值。INSERT 失败。
语句已终止。
   在 SqlSugar.AdoProvider.ExecuteCommand(String sql, SugarParameter[] parameters)
   在 SqlSugar.InsertableProvider`1.ExecuteCommand()
   在 ScreenDemo1.SmallForm.拆批.确认_Click(Object sender, EventArgs e) 位置 E:\Git\C#\ScreenDemo1(1)\ScreenDemo1\ScreenDemo1\SmallForm\拆批.cs:行号 49
   在 System.Windows.Forms.Control.OnClick(EventArgs e)
   在 Sunny.UI.UIButton.OnClick(EventArgs e)
   在 System.Windows.Forms.Control.WmMouseUp(Message& m, MouseButtons button, Int32 clicks)
   在 System.Windows.Forms.Control.WndProc(Message& m)
   在 System.Windows.Forms.Control.ControlNativeWindow.OnMessage(Message& m)
   在 System.Windows.Forms.Control.ControlNativeWindow.WndProc(Message& m)
   在 System.Windows.Forms.NativeWindow.Callback(IntPtr hWnd, Int32 msg, IntPtr wparam, IntPtr lparam)
ClientConnectionId:105dab5d-3415-48e3-a638-7453cd50ae7e
Error Number:515,State:2,Class:16


发生时间：2022_11_16 16:10:30    System.Data.SqlClient.SqlException (0x80131904): 当 IDENTITY_INSERT 设置为 OFF 时，不能为表 'huzhou_拆批报表' 中的标识列插入显式值。
   在 SqlSugar.AdoProvider.ExecuteCommand(String sql, SugarParameter[] parameters)
   在 SqlSugar.InsertableProvider`1.ExecuteCommand()
   在 ScreenDemo1.SmallForm.拆批.确认_Click(Object sender, EventArgs e) 位置 C:\Users\2200214\Source\Repos\weihong\ScreenDemo1\SmallForm\拆批.cs:行号 49
   在 System.Windows.Forms.Control.OnClick(EventArgs e)
   在 Sunny.UI.UIButton.OnClick(EventArgs e)
   在 System.Windows.Forms.Control.WmMouseUp(Message& m, MouseButtons button, Int32 clicks)
   在 System.Windows.Forms.Control.WndProc(Message& m)
   在 System.Windows.Forms.Control.ControlNativeWindow.OnMessage(Message& m)
   在 System.Windows.Forms.Control.ControlNativeWindow.WndProc(Message& m)
   在 System.Windows.Forms.NativeWindow.Callback(IntPtr hWnd, Int32 msg, IntPtr wparam, IntPtr lparam)
ClientConnectionId:907b4da8-ec5d-4de7-9090-82e4b9faacb1
Error Number:544,State:1,Class:16


发生时间：2022_11_16 16:17:43    System.Data.SqlClient.SqlException (0x80131904): 对象名 'huzhou_拆批' 无效。
   在 SqlSugar.AdoProvider.GetDataSetAll(String sql, SugarParameter[] parameters)
   在 SqlSugar.AdoProvider.GetDataTable(String sql, SugarParameter[] parameters)
   在 ScreenDemo1.Pages.基础信息.通用模板.InitInfo(String name) 位置 C:\Users\2200214\Source\Repos\weihong\ScreenDemo1\Pages\基础信息\通用模板.cs:行号 425
   在 ScreenDemo1.Pages.基础信息.通用模板..ctor(String TempTablename, String TempCodename, String TempTimename) 位置 C:\Users\2200214\Source\Repos\weihong\ScreenDemo1\Pages\基础信息\通用模板.cs:行号 179
   在 ScreenDemo1.Form1.uiNavMenu1_NodeMouseClick(Object sender, TreeNodeMouseClickEventArgs e) 位置 C:\Users\2200214\Source\Repos\weihong\ScreenDemo1\Form1.cs:行号 222
   在 System.Windows.Forms.TreeView.OnNodeMouseClick(TreeNodeMouseClickEventArgs e)
   在 Sunny.UI.UINavMenu.OnNodeMouseClick(TreeNodeMouseClickEventArgs e)
   在 System.Windows.Forms.TreeView.WmNotify(Message& m)
   在 System.Windows.Forms.TreeView.WndProc(Message& m)
   在 Sunny.UI.UINavMenu.WndProc(Message& m)
   在 System.Windows.Forms.Control.ControlNativeWindow.OnMessage(Message& m)
   在 System.Windows.Forms.Control.ControlNativeWindow.WndProc(Message& m)
   在 System.Windows.Forms.NativeWindow.Callback(IntPtr hWnd, Int32 msg, IntPtr wparam, IntPtr lparam)
ClientConnectionId:9cd094b4-30fc-47e6-9242-b4020fcbdec3
Error Number:208,State:1,Class:16


发生时间：2022_11_16 16:17:49    System.Data.SqlClient.SqlException (0x80131904): 对象名 'huzhou_合批' 无效。
   在 SqlSugar.AdoProvider.GetDataSetAll(String sql, SugarParameter[] parameters)
   在 SqlSugar.AdoProvider.GetDataTable(String sql, SugarParameter[] parameters)
   在 ScreenDemo1.Pages.基础信息.通用模板.InitInfo(String name) 位置 C:\Users\2200214\Source\Repos\weihong\ScreenDemo1\Pages\基础信息\通用模板.cs:行号 425
   在 ScreenDemo1.Pages.基础信息.通用模板..ctor(String TempTablename, String TempCodename, String TempTimename) 位置 C:\Users\2200214\Source\Repos\weihong\ScreenDemo1\Pages\基础信息\通用模板.cs:行号 179
   在 ScreenDemo1.Form1.uiNavMenu1_NodeMouseClick(Object sender, TreeNodeMouseClickEventArgs e) 位置 C:\Users\2200214\Source\Repos\weihong\ScreenDemo1\Form1.cs:行号 223
   在 System.Windows.Forms.TreeView.OnNodeMouseClick(TreeNodeMouseClickEventArgs e)
   在 Sunny.UI.UINavMenu.OnNodeMouseClick(TreeNodeMouseClickEventArgs e)
   在 System.Windows.Forms.TreeView.WmNotify(Message& m)
   在 System.Windows.Forms.TreeView.WndProc(Message& m)
   在 Sunny.UI.UINavMenu.WndProc(Message& m)
   在 System.Windows.Forms.Control.ControlNativeWindow.OnMessage(Message& m)
   在 System.Windows.Forms.Control.ControlNativeWindow.WndProc(Message& m)
   在 System.Windows.Forms.NativeWindow.Callback(IntPtr hWnd, Int32 msg, IntPtr wparam, IntPtr lparam)
ClientConnectionId:9cd094b4-30fc-47e6-9242-b4020fcbdec3
Error Number:208,State:1,Class:16
