

发生时间：2022_11_17 15:27:21    SqlSugar.SqlSugarException: 中文提示 :  连接数据库过程中发生错误，检查服务器是否正常连接字符串是否正确，错误信息：在与 SQL Server 建立连接时出现与网络相关的或特定于实例的错误。未找到或无法访问服务器。请验证实例名称是否正确并且 SQL Server 已配置为允许远程连接。 (provider: Named Pipes Provider, error: 40 - 无法打开到 SQL Server 的连接).
English Message : Connection open error . 在与 SQL Server 建立连接时出现与网络相关的或特定于实例的错误。未找到或无法访问服务器。请验证实例名称是否正确并且 SQL Server 已配置为允许远程连接。 (provider: Named Pipes Provider, error: 40 - 无法打开到 SQL Server 的连接)
   在 SqlSugar.AdoProvider.GetDataReader(String sql, SugarParameter[] parameters)
   在 SqlSugar.QueryableProvider`1.GetData[TResult](KeyValuePair`2 sqlObj)
   在 SqlSugar.QueryableProvider`1._ToList[TResult]()
   在 SqlSugar.QueryableProvider`1.ToList()
   在 SqlSugar.QueryableProvider`1.First()
   在 SqlSugar.QueryableProvider`1.First(Expression`1 expression)
   在 Test.登录.登录按钮_Click(Object sender, EventArgs e) 位置 C:\Users\2200214\source\repos\weihong\ScreenDemo1\登录.cs:行号 102
   在 System.Windows.Forms.Control.OnClick(EventArgs e)
   在 Sunny.UI.UIButton.OnClick(EventArgs e)
   在 System.Windows.Forms.Control.WmMouseUp(Message& m, MouseButtons button, Int32 clicks)
   在 System.Windows.Forms.Control.WndProc(Message& m)
   在 System.Windows.Forms.Control.ControlNativeWindow.OnMessage(Message& m)
   在 System.Windows.Forms.Control.ControlNativeWindow.WndProc(Message& m)
   在 System.Windows.Forms.NativeWindow.Callback(IntPtr hWnd, Int32 msg, IntPtr wparam, IntPtr lparam)


发生时间：2022_11_17 15:30:52    SqlSugar.SqlSugarException: 中文提示 :  连接数据库过程中发生错误，检查服务器是否正常连接字符串是否正确，错误信息：在与 SQL Server 建立连接时出现与网络相关的或特定于实例的错误。未找到或无法访问服务器。请验证实例名称是否正确并且 SQL Server 已配置为允许远程连接。 (provider: Named Pipes Provider, error: 40 - 无法打开到 SQL Server 的连接).
English Message : Connection open error . 在与 SQL Server 建立连接时出现与网络相关的或特定于实例的错误。未找到或无法访问服务器。请验证实例名称是否正确并且 SQL Server 已配置为允许远程连接。 (provider: Named Pipes Provider, error: 40 - 无法打开到 SQL Server 的连接)
   在 SqlSugar.AdoProvider.GetDataReader(String sql, SugarParameter[] parameters)
   在 SqlSugar.QueryableProvider`1.GetData[TResult](KeyValuePair`2 sqlObj)
   在 SqlSugar.QueryableProvider`1._ToList[TResult]()
   在 SqlSugar.QueryableProvider`1.ToList()
   在 SqlSugar.QueryableProvider`1.First()
   在 SqlSugar.QueryableProvider`1.First(Expression`1 expression)
   在 Test.登录.登录按钮_Click(Object sender, EventArgs e) 位置 C:\Users\2200214\source\repos\weihong\ScreenDemo1\登录.cs:行号 102
   在 System.Windows.Forms.Control.OnClick(EventArgs e)
   在 Sunny.UI.UIButton.OnClick(EventArgs e)
   在 System.Windows.Forms.Control.WmMouseUp(Message& m, MouseButtons button, Int32 clicks)
   在 System.Windows.Forms.Control.WndProc(Message& m)
   在 System.Windows.Forms.Control.ControlNativeWindow.OnMessage(Message& m)
   在 System.Windows.Forms.Control.ControlNativeWindow.WndProc(Message& m)
   在 System.Windows.Forms.NativeWindow.Callback(IntPtr hWnd, Int32 msg, IntPtr wparam, IntPtr lparam)
