

发生时间：2022_11_21 08:33:28    System.FormatException: 输入字符串的格式不正确。
   在 System.Number.StringToNumber(String str, NumberStyles options, NumberBuffer& number, NumberFormatInfo info, Boolean parseDecimal)
   在 System.Number.ParseInt32(String s, NumberStyles style, NumberFormatInfo info)
   在 System.Int32.Parse(String s)
   在 ScreenDemo1.Form1.Form1_Load(Object sender, EventArgs e) 位置 C:\Users\2200214\source\repos\weihong\ScreenDemo1\Form1.cs:行号 198
   在 System.Windows.Forms.Form.OnLoad(EventArgs e)
   在 System.Windows.Forms.Form.OnCreateControl()
   在 System.Windows.Forms.Control.CreateControl(Boolean fIgnoreVisible)
   在 System.Windows.Forms.Control.CreateControl()
   在 System.Windows.Forms.Control.WmShowWindow(Message& m)
   在 System.Windows.Forms.Control.WndProc(Message& m)
   在 System.Windows.Forms.ScrollableControl.WndProc(Message& m)
   在 System.Windows.Forms.Form.WmShowWindow(Message& m)
   在 System.Windows.Forms.Form.WndProc(Message& m)
   在 Sunny.UI.UIForm.WndProc(Message& m)
   在 System.Windows.Forms.Control.ControlNativeWindow.OnMessage(Message& m)
   在 System.Windows.Forms.Control.ControlNativeWindow.WndProc(Message& m)
   在 System.Windows.Forms.NativeWindow.Callback(IntPtr hWnd, Int32 msg, IntPtr wparam, IntPtr lparam)


发生时间：2022_11_21 08:34:40    System.FormatException: 输入字符串的格式不正确。
   在 System.Number.StringToNumber(String str, NumberStyles options, NumberBuffer& number, NumberFormatInfo info, Boolean parseDecimal)
   在 System.Number.ParseInt32(String s, NumberStyles style, NumberFormatInfo info)
   在 System.Int32.Parse(String s)
   在 ScreenDemo1.Form1.Form1_Load(Object sender, EventArgs e) 位置 C:\Users\2200214\source\repos\weihong\ScreenDemo1\Form1.cs:行号 198
   在 System.Windows.Forms.Form.OnLoad(EventArgs e)
   在 System.Windows.Forms.Form.OnCreateControl()
   在 System.Windows.Forms.Control.CreateControl(Boolean fIgnoreVisible)
   在 System.Windows.Forms.Control.CreateControl()
   在 System.Windows.Forms.Control.WmShowWindow(Message& m)
   在 System.Windows.Forms.Control.WndProc(Message& m)
   在 System.Windows.Forms.ScrollableControl.WndProc(Message& m)
   在 System.Windows.Forms.Form.WmShowWindow(Message& m)
   在 System.Windows.Forms.Form.WndProc(Message& m)
   在 Sunny.UI.UIForm.WndProc(Message& m)
   在 System.Windows.Forms.Control.ControlNativeWindow.OnMessage(Message& m)
   在 System.Windows.Forms.Control.ControlNativeWindow.WndProc(Message& m)
   在 System.Windows.Forms.NativeWindow.Callback(IntPtr hWnd, Int32 msg, IntPtr wparam, IntPtr lparam)


发生时间：2022_11_21 08:36:09    System.ArgumentException: 已添加了具有相同键的项。
   在 System.ThrowHelper.ThrowArgumentException(ExceptionResource resource)
   在 System.Collections.Generic.Dictionary`2.Insert(TKey key, TValue value, Boolean add)
   在 System.Collections.Generic.Dictionary`2.Add(TKey key, TValue value)
   在 ScreenDemo1.Form1.Form1_Load(Object sender, EventArgs e) 位置 C:\Users\2200214\source\repos\weihong\ScreenDemo1\Form1.cs:行号 203
   在 System.Windows.Forms.Form.OnLoad(EventArgs e)
   在 System.Windows.Forms.Form.OnCreateControl()
   在 System.Windows.Forms.Control.CreateControl(Boolean fIgnoreVisible)
   在 System.Windows.Forms.Control.CreateControl()
   在 System.Windows.Forms.Control.WmShowWindow(Message& m)
   在 System.Windows.Forms.Control.WndProc(Message& m)
   在 System.Windows.Forms.ScrollableControl.WndProc(Message& m)
   在 System.Windows.Forms.Form.WmShowWindow(Message& m)
   在 System.Windows.Forms.Form.WndProc(Message& m)
   在 Sunny.UI.UIForm.WndProc(Message& m)
   在 System.Windows.Forms.Control.ControlNativeWindow.OnMessage(Message& m)
   在 System.Windows.Forms.Control.ControlNativeWindow.WndProc(Message& m)
   在 System.Windows.Forms.NativeWindow.Callback(IntPtr hWnd, Int32 msg, IntPtr wparam, IntPtr lparam)
