

发生时间：2022_11_23 14:31:26    System.Data.SqlClient.SqlException (0x80131904): 对象名 'huzhou_DataRefence' 无效。
   在 SqlSugar.AdoProvider.GetDataReader(String sql, SugarParameter[] parameters)
   在 SqlSugar.QueryableProvider`1.GetData[TResult](KeyValuePair`2 sqlObj)
   在 SqlSugar.QueryableProvider`1._ToList[TResult]()
   在 SqlSugar.QueryableProvider`1.ToList()
   在 ScreenDemo1.Form1.Form1_Load(Object sender, EventArgs e) 位置 E:\微宏git二次拉取\ScreenDemo1\Form1.cs:行号 193
   在 System.Windows.Forms.Form.OnLoad(EventArgs e)
   在 System.Windows.Forms.Form.OnCreateControl()
   在 System.Windows.Forms.Control.CreateControl(Boolean fIgnoreVisible)
   在 System.Windows.Forms.Control.CreateControl()
   在 System.Windows.Forms.Control.WmShowWindow(Message& m)
   在 System.Windows.Forms.Control.WndProc(Message& m)
   在 System.Windows.Forms.ScrollableControl.WndProc(Message& m)
   在 System.Windows.Forms.Form.WmShowWindow(Message& m)
   在 System.Windows.Forms.Form.WndProc(Message& m)
   在 Sunny.UI.UIForm.WndProc(Message& m)
   在 System.Windows.Forms.Control.ControlNativeWindow.OnMessage(Message& m)
   在 System.Windows.Forms.Control.ControlNativeWindow.WndProc(Message& m)
   在 System.Windows.Forms.NativeWindow.Callback(IntPtr hWnd, Int32 msg, IntPtr wparam, IntPtr lparam)
ClientConnectionId:36c71f67-2ec4-4b0f-b400-b3a64fa74664
Error Number:208,State:1,Class:16


发生时间：2022_11_23 14:32:43    System.Data.SqlClient.SqlException (0x80131904): 对象名 'huzhou_DataRefence' 无效。
   在 SqlSugar.AdoProvider.GetDataReader(String sql, SugarParameter[] parameters)
   在 SqlSugar.QueryableProvider`1.GetData[TResult](KeyValuePair`2 sqlObj)
   在 SqlSugar.QueryableProvider`1._ToList[TResult]()
   在 SqlSugar.QueryableProvider`1.ToList()
   在 ScreenDemo1.Form1.Form1_Load(Object sender, EventArgs e) 位置 E:\微宏git二次拉取\ScreenDemo1\Form1.cs:行号 193
   在 System.Windows.Forms.Form.OnLoad(EventArgs e)
   在 System.Windows.Forms.Form.OnCreateControl()
   在 System.Windows.Forms.Control.CreateControl(Boolean fIgnoreVisible)
   在 System.Windows.Forms.Control.CreateControl()
   在 System.Windows.Forms.Control.WmShowWindow(Message& m)
   在 System.Windows.Forms.Control.WndProc(Message& m)
   在 System.Windows.Forms.ScrollableControl.WndProc(Message& m)
   在 System.Windows.Forms.Form.WmShowWindow(Message& m)
   在 System.Windows.Forms.Form.WndProc(Message& m)
   在 Sunny.UI.UIForm.WndProc(Message& m)
   在 System.Windows.Forms.Control.ControlNativeWindow.OnMessage(Message& m)
   在 System.Windows.Forms.Control.ControlNativeWindow.WndProc(Message& m)
   在 System.Windows.Forms.NativeWindow.Callback(IntPtr hWnd, Int32 msg, IntPtr wparam, IntPtr lparam)
ClientConnectionId:c81cf8b1-c053-4c4c-b38c-db18a69e6b81
Error Number:208,State:1,Class:16
